<?xml version="1.0" encoding="UTF-8"?>
<testsuite name="codeWriter.CodeWriterImplTest" tests="2" skipped="0" failures="0" errors="0" timestamp="2021-11-28T13:32:05" hostname="LLAMA" time="0.13">
  <properties/>
  <testcase name="writePushPop" classname="codeWriter.CodeWriterImplTest" time="0.127"/>
  <testcase name="writeArithmetic" classname="codeWriter.CodeWriterImplTest" time="0.002"/>
  <system-out><![CDATA[]]></system-out>
  <system-err><![CDATA[]]></system-err>
</testsuite>
